#
# There is insufficient memory for the Java Runtime Environment to continue.
# Native memory allocation (malloc) failed to allocate 2309136 bytes. Error detail: Chunk::new
# Possible reasons:
#   The system is out of physical RAM or swap space
#   This process is running with CompressedOops enabled, and the Java Heap may be blocking the growth of the native heap
# Possible solutions:
#   Reduce memory load on the system
#   Increase physical memory or swap space
#   Check if swap backing store is full
#   Decrease Java heap size (-Xmx/-Xms)
#   Decrease number of Java threads
#   Decrease Java thread stack sizes (-Xss)
#   Set larger code cache with -XX:ReservedCodeCacheSize=
#   JVM is running with Zero Based Compressed Oops mode in which the Java heap is
#     placed in the first 32GB address space. The Java Heap base address is the
#     maximum limit for the native heap growth. Please use -XX:HeapBaseMinAddress
#     to set the Java Heap base and to place the Java Heap above 32GB virtual address.
# This output file may be truncated or incomplete.
#
#  Out of Memory Error (arena.cpp:191), pid=7284, tid=25020
#
# JRE version: OpenJDK Runtime Environment Microsoft-11369865 (17.0.15+6) (build 17.0.15+6-LTS)
# Java VM: OpenJDK 64-Bit Server VM Microsoft-11369865 (17.0.15+6-LTS, mixed mode, sharing, tiered, compressed oops, compressed class ptrs, parallel gc, windows-amd64)
# No core dump will be written. Minidumps are not enabled by default on client versions of Windows
#

---------------  S U M M A R Y ------------

Command Line: -XX:+UseParallelGC --add-opens=java.base/java.util=ALL-UNNAMED --add-opens=java.base/java.lang=ALL-UNNAMED --add-opens=java.base/java.lang.invoke=ALL-UNNAMED --add-opens=java.prefs/java.util.prefs=ALL-UNNAMED --add-opens=java.base/java.nio.charset=ALL-UNNAMED --add-opens=java.base/java.net=ALL-UNNAMED --add-opens=java.base/java.util.concurrent.atomic=ALL-UNNAMED -Xmx4096m -Dfile.encoding=UTF-8 -Duser.country=IN -Duser.language=en -Duser.variant -javaagent:C:\Users\Dell\.gradle\wrapper\dists\gradle-8.7-all\aan3ydargesu18aqyqjwhr3pc\gradle-8.7\lib\agents\gradle-instrumentation-agent-8.7.jar org.gradle.launcher.daemon.bootstrap.GradleDaemon 8.7

Host: 11th Gen Intel(R) Core(TM) i5-1135G7 @ 2.40GHz, 8 cores, 7G,  Windows 11 , 64 bit Build 22621 (10.0.22621.5415)
Time: Fri Sep  5 15:57:19 2025 India Standard Time elapsed time: 131.316831 seconds (0d 0h 2m 11s)

---------------  T H R E A D  ---------------

Current thread (0x000001ad70b9deb0):  JavaThread "C2 CompilerThread0" daemon [_thread_in_native, id=25020, stack(0x00000061c0700000,0x00000061c0800000)]


Current CompileTask:
C2: 131316 29773       4       org.gradle.internal.instantiation.generator.AbstractClassGenerator::inspectType (560 bytes)

Stack: [0x00000061c0700000,0x00000061c0800000]
Native frames: (J=compiled Java code, j=interpreted, Vv=VM code, C=native code)
V  [jvm.dll+0x6887a9]
V  [jvm.dll+0x83f5a8]
V  [jvm.dll+0x841053]
V  [jvm.dll+0x8416c3]
V  [jvm.dll+0x2496ef]
V  [jvm.dll+0xad134]
V  [jvm.dll+0xad7cc]
V  [jvm.dll+0x36af2e]
V  [jvm.dll+0x335513]
V  [jvm.dll+0x3349aa]
V  [jvm.dll+0x21a908]
V  [jvm.dll+0x219d3f]
V  [jvm.dll+0x1a55f6]
V  [jvm.dll+0x22a39a]
V  [jvm.dll+0x2284db]
V  [jvm.dll+0x7f4e28]
V  [jvm.dll+0x7ef2dc]
V  [jvm.dll+0x687687]
C  [ucrtbase.dll+0x29333]
C  [KERNEL32.DLL+0x1259d]
C  [ntdll.dll+0x5af78]


---------------  P R O C E S S  ---------------

Threads class SMR info:
_java_thread_list=0x000001ad5d7d0c40, length=125, elements={
0x000001ad70afef50, 0x000001ad7983b020, 0x000001ad7983f000, 0x000001ad70b94220,
0x000001ad70b94af0, 0x000001ad70b969e0, 0x000001ad70b974b0, 0x000001ad70b9deb0,
0x000001ad70b9f110, 0x000001ad70b9fa20, 0x000001ad70b61d60, 0x000001ad5c1bb670,
0x000001ad5dcfb390, 0x000001ad5dcfd1f0, 0x000001ad5dcfae80, 0x000001ad5dcfd700,
0x000001ad5dcfb8a0, 0x000001ad5dcfbdb0, 0x000001ad5dcfdc10, 0x000001ad5dcfc7d0,
0x000001ad5dcfc2c0, 0x000001ad5dcfcce0, 0x000001ad5dcfa970, 0x000001ad5f124af0,
0x000001ad5f120920, 0x000001ad5f11e5b0, 0x000001ad5f11e0a0, 0x000001ad5f120e30,
0x000001ad5f121850, 0x000001ad5f11eac0, 0x000001ad5f121340, 0x000001ad5f122c90,
0x000001ad5f125a20, 0x000001ad60a85250, 0x000001ad60a88f10, 0x000001ad60a87ad0,
0x000001ad60a85760, 0x000001ad60a84d40, 0x000001ad60a84830, 0x000001ad6385a160,
0x000001ad63859c50, 0x000001ad63855060, 0x000001ad63857df0, 0x000001ad6385ab80,
0x000001ad6385c9e0, 0x000001ad638573d0, 0x000001ad63855570, 0x000001ad63855a80,
0x000001ad6385bfc0, 0x000001ad63858300, 0x000001ad638569b0, 0x000001ad6385b090,
0x000001ad6385a670, 0x000001ad63855f90, 0x000001ad63858810, 0x000001ad63858d20,
0x000001ad63859230, 0x000001ad6385b5a0, 0x000001ad6385c4d0, 0x000001ad61ed8a70,
0x000001ad61edc220, 0x000001ad61ed8f80, 0x000001ad61ed9490, 0x000001ad61edb2f0,
0x000001ad61edb800, 0x000001ad61ed9eb0, 0x000001ad61eda8d0, 0x000001ad61eddb70,
0x000001ad61ed6700, 0x000001ad5db82ea0, 0x000001ad5db88ed0, 0x000001ad5db889c0,
0x000001ad5db847f0, 0x000001ad5db893e0, 0x000001ad5db87580, 0x000001ad5db87a90,
0x000001ad5db84d00, 0x000001ad5db86140, 0x000001ad5db842e0, 0x000001ad5db86650,
0x000001ad5db86b60, 0x000001ad5db87fa0, 0x000001ad5db87070, 0x000001ad5db884b0,
0x000001ad5db85c30, 0x000001ad5db898f0, 0x000001ad5db89e00, 0x000001ad5db8a310,
0x000001ad5db8a820, 0x000001ad5db833b0, 0x000001ad5db83dd0, 0x000001ad617cad50,
0x000001ad617c7fc0, 0x000001ad617cc190, 0x000001ad617c89e0, 0x000001ad617cb260,
0x000001ad617c8ef0, 0x000001ad617c6670, 0x000001ad617c6b80, 0x000001ad617c75a0,
0x000001ad617ca840, 0x000001ad617cbc80, 0x000001ad617c84d0, 0x000001ad617c4d20,
0x000001ad5f4dab10, 0x000001ad5f4dc460, 0x000001ad5f4dd8a0, 0x000001ad5f4dfc10,
0x000001ad5f4de2c0, 0x000001ad5f4da600, 0x000001ad5f4dc970, 0x000001ad5f4dce80,
0x000001ad5f4db020, 0x000001ad5f4db530, 0x000001ad5f4dba40, 0x000001ad5f4de7d0,
0x000001ad5f4dd390, 0x000001ad5f4dece0, 0x000001ad5f4d9be0, 0x000001ad5f4e0630,
0x000001ad5f4df1f0, 0x000001ad5f4df700, 0x000001ad5f4e0120, 0x000001ad5f4e0b40,
0x000001ad5f4e1050
}

Java Threads: ( => current thread )
  0x000001ad70afef50 JavaThread "main" [_thread_blocked, id=13636, stack(0x00000061bfe00000,0x00000061bff00000)]
  0x000001ad7983b020 JavaThread "Reference Handler" daemon [_thread_blocked, id=7796, stack(0x00000061c0100000,0x00000061c0200000)]
  0x000001ad7983f000 JavaThread "Finalizer" daemon [_thread_blocked, id=21800, stack(0x00000061c0200000,0x00000061c0300000)]
  0x000001ad70b94220 JavaThread "Signal Dispatcher" daemon [_thread_blocked, id=7272, stack(0x00000061c0300000,0x00000061c0400000)]
  0x000001ad70b94af0 JavaThread "Attach Listener" daemon [_thread_blocked, id=25252, stack(0x00000061c0400000,0x00000061c0500000)]
  0x000001ad70b969e0 JavaThread "Service Thread" daemon [_thread_blocked, id=7584, stack(0x00000061c0500000,0x00000061c0600000)]
  0x000001ad70b974b0 JavaThread "Monitor Deflation Thread" daemon [_thread_blocked, id=20640, stack(0x00000061c0600000,0x00000061c0700000)]
=>0x000001ad70b9deb0 JavaThread "C2 CompilerThread0" daemon [_thread_in_native, id=25020, stack(0x00000061c0700000,0x00000061c0800000)]
  0x000001ad70b9f110 JavaThread "C1 CompilerThread0" daemon [_thread_in_vm, id=8704, stack(0x00000061c0800000,0x00000061c0900000)]
  0x000001ad70b9fa20 JavaThread "Sweeper thread" daemon [_thread_blocked, id=20244, stack(0x00000061c0900000,0x00000061c0a00000)]
  0x000001ad70b61d60 JavaThread "Common-Cleaner" daemon [_thread_blocked, id=14296, stack(0x00000061c0a00000,0x00000061c0b00000)]
  0x000001ad5c1bb670 JavaThread "Notification Thread" daemon [_thread_blocked, id=7836, stack(0x00000061c0b00000,0x00000061c0c00000)]
  0x000001ad5dcfb390 JavaThread "Daemon health stats" [_thread_blocked, id=22564, stack(0x00000061c1200000,0x00000061c1300000)]
  0x000001ad5dcfd1f0 JavaThread "Incoming local TCP Connector on port 63057" [_thread_in_native, id=15216, stack(0x00000061c1300000,0x00000061c1400000)]
  0x000001ad5dcfae80 JavaThread "Daemon periodic checks" [_thread_blocked, id=20916, stack(0x00000061c1400000,0x00000061c1500000)]
  0x000001ad5dcfd700 JavaThread "Daemon" [_thread_blocked, id=24492, stack(0x00000061c1500000,0x00000061c1600000)]
  0x000001ad5dcfb8a0 JavaThread "Handler for socket connection from /127.0.0.1:63057 to /127.0.0.1:63058" [_thread_in_native, id=11596, stack(0x00000061c1600000,0x00000061c1700000)]
  0x000001ad5dcfbdb0 JavaThread "Cancel handler" [_thread_blocked, id=23688, stack(0x00000061c1700000,0x00000061c1800000)]
  0x000001ad5dcfdc10 JavaThread "Daemon worker" [_thread_blocked, id=14140, stack(0x00000061c1800000,0x00000061c1900000)]
  0x000001ad5dcfc7d0 JavaThread "Asynchronous log dispatcher for DefaultDaemonConnection: socket connection from /127.0.0.1:63057 to /127.0.0.1:63058" [_thread_blocked, id=3960, stack(0x00000061c1c00000,0x00000061c1d00000)]
  0x000001ad5dcfc2c0 JavaThread "Stdin handler" [_thread_blocked, id=21212, stack(0x00000061c1d00000,0x00000061c1e00000)]
  0x000001ad5dcfcce0 JavaThread "Daemon client event forwarder" [_thread_blocked, id=23808, stack(0x00000061c1e00000,0x00000061c1f00000)]
  0x000001ad5dcfa970 JavaThread "Cache worker for journal cache (C:\Users\Dell\.gradle\caches\journal-1)" [_thread_blocked, id=24488, stack(0x00000061c1f00000,0x00000061c2000000)]
  0x000001ad5f124af0 JavaThread "File lock request listener" [_thread_in_native, id=22540, stack(0x00000061c2000000,0x00000061c2100000)]
  0x000001ad5f120920 JavaThread "Cache worker for file hash cache (C:\Users\Dell\.gradle\caches\8.7\fileHashes)" [_thread_blocked, id=8636, stack(0x00000061c0d00000,0x00000061c0e00000)]
  0x000001ad5f11e5b0 JavaThread "Cache worker for file hash cache (D:\Users\Dell\ReactNative\myApp\android\.gradle\8.7\fileHashes)" [_thread_blocked, id=11548, stack(0x00000061c2200000,0x00000061c2300000)]
  0x000001ad5f11e0a0 JavaThread "File watcher server" daemon [_thread_in_native, id=11956, stack(0x00000061c2300000,0x00000061c2400000)]
  0x000001ad5f120e30 JavaThread "File watcher consumer" daemon [_thread_blocked, id=11672, stack(0x00000061c2400000,0x00000061c2500000)]
  0x000001ad5f121850 JavaThread "Cache worker for checksums cache (D:\Users\Dell\ReactNative\myApp\android\.gradle\8.7\checksums)" [_thread_blocked, id=19668, stack(0x00000061c2500000,0x00000061c2600000)]
  0x000001ad5f11eac0 JavaThread "Cache worker for cache directory md-supplier (C:\Users\Dell\.gradle\caches\8.7\md-supplier)" [_thread_blocked, id=24312, stack(0x00000061c2600000,0x00000061c2700000)]
  0x000001ad5f121340 JavaThread "Cache worker for cache directory md-rule (C:\Users\Dell\.gradle\caches\8.7\md-rule)" [_thread_blocked, id=7876, stack(0x00000061c2700000,0x00000061c2800000)]
  0x000001ad5f122c90 JavaThread "Cache worker for file content cache (C:\Users\Dell\.gradle\caches\8.7\fileContent)" [_thread_blocked, id=20420, stack(0x00000061c2800000,0x00000061c2900000)]
  0x000001ad5f125a20 JavaThread "jar transforms" [_thread_blocked, id=19380, stack(0x00000061c2900000,0x00000061c2a00000)]
  0x000001ad60a85250 JavaThread "Unconstrained build operations" [_thread_blocked, id=24500, stack(0x00000061c2100000,0x00000061c2200000)]
  0x000001ad60a88f10 JavaThread "Unconstrained build operations Thread 2" [_thread_blocked, id=5980, stack(0x00000061c3000000,0x00000061c3100000)]
  0x000001ad60a87ad0 JavaThread "Unconstrained build operations Thread 3" [_thread_blocked, id=12596, stack(0x00000061c3100000,0x00000061c3200000)]
  0x000001ad60a85760 JavaThread "Unconstrained build operations Thread 4" [_thread_blocked, id=7052, stack(0x00000061c3200000,0x00000061c3300000)]
  0x000001ad60a84d40 JavaThread "Cache worker for Build Output Cleanup Cache (D:\Users\Dell\ReactNative\myApp\node_modules\@react-native\gradle-plugin\.gradle\buildOutputCleanup)" [_thread_blocked, id=17360, stack(0x00000061c3400000,0x00000061c3500000)]
  0x000001ad60a84830 JavaThread "Kotlin DSL Writer" [_thread_blocked, id=3372, stack(0x00000061c3500000,0x00000061c3600000)]
  0x000001ad6385a160 JavaThread "Unconstrained build operations Thread 5" [_thread_blocked, id=25368, stack(0x00000061bfc00000,0x00000061bfd00000)]
  0x000001ad63859c50 JavaThread "Unconstrained build operations Thread 6" [_thread_blocked, id=6096, stack(0x00000061bfd00000,0x00000061bfe00000)]
  0x000001ad63855060 JavaThread "Unconstrained build operations Thread 7" [_thread_blocked, id=21536, stack(0x00000061c3300000,0x00000061c3400000)]
  0x000001ad63857df0 JavaThread "Unconstrained build operations Thread 8" [_thread_blocked, id=23100, stack(0x00000061c3600000,0x00000061c3700000)]
  0x000001ad6385ab80 JavaThread "Unconstrained build operations Thread 9" [_thread_blocked, id=11248, stack(0x00000061c3700000,0x00000061c3800000)]
  0x000001ad6385c9e0 JavaThread "Unconstrained build operations Thread 10" [_thread_blocked, id=13624, stack(0x00000061c3800000,0x00000061c3900000)]
  0x000001ad638573d0 JavaThread "Unconstrained build operations Thread 11" [_thread_blocked, id=16724, stack(0x00000061c3900000,0x00000061c3a00000)]
  0x000001ad63855570 JavaThread "Unconstrained build operations Thread 12" [_thread_blocked, id=6108, stack(0x00000061c3a00000,0x00000061c3b00000)]
  0x000001ad63855a80 JavaThread "Unconstrained build operations Thread 13" [_thread_blocked, id=18904, stack(0x00000061c3b00000,0x00000061c3c00000)]
  0x000001ad6385bfc0 JavaThread "Unconstrained build operations Thread 14" [_thread_blocked, id=18032, stack(0x00000061c3c00000,0x00000061c3d00000)]
  0x000001ad63858300 JavaThread "Unconstrained build operations Thread 15" [_thread_blocked, id=22284, stack(0x00000061c3d00000,0x00000061c3e00000)]
  0x000001ad638569b0 JavaThread "Unconstrained build operations Thread 16" [_thread_blocked, id=8656, stack(0x00000061c3e00000,0x00000061c3f00000)]
  0x000001ad6385b090 JavaThread "Unconstrained build operations Thread 17" [_thread_blocked, id=24736, stack(0x00000061bfb00000,0x00000061bfc00000)]
  0x000001ad6385a670 JavaThread "Unconstrained build operations Thread 18" [_thread_blocked, id=21708, stack(0x00000061c3f00000,0x00000061c4000000)]
  0x000001ad63855f90 JavaThread "Unconstrained build operations Thread 19" [_thread_blocked, id=13056, stack(0x00000061c4000000,0x00000061c4100000)]
  0x000001ad63858810 JavaThread "Unconstrained build operations Thread 20" [_thread_blocked, id=2380, stack(0x00000061c4100000,0x00000061c4200000)]
  0x000001ad63858d20 JavaThread "Unconstrained build operations Thread 21" [_thread_blocked, id=12240, stack(0x00000061c4200000,0x00000061c4300000)]
  0x000001ad63859230 JavaThread "Unconstrained build operations Thread 22" [_thread_blocked, id=19476, stack(0x00000061c4300000,0x00000061c4400000)]
  0x000001ad6385b5a0 JavaThread "Unconstrained build operations Thread 23" [_thread_blocked, id=13476, stack(0x00000061c4400000,0x00000061c4500000)]
  0x000001ad6385c4d0 JavaThread "Unconstrained build operations Thread 24" [_thread_blocked, id=12688, stack(0x00000061c4500000,0x00000061c4600000)]
  0x000001ad61ed8a70 JavaThread "Unconstrained build operations Thread 25" [_thread_blocked, id=22160, stack(0x00000061c4600000,0x00000061c4700000)]
  0x000001ad61edc220 JavaThread "Unconstrained build operations Thread 26" [_thread_blocked, id=23668, stack(0x00000061c4700000,0x00000061c4800000)]
  0x000001ad61ed8f80 JavaThread "Unconstrained build operations Thread 27" [_thread_blocked, id=19908, stack(0x00000061c4800000,0x00000061c4900000)]
  0x000001ad61ed9490 JavaThread "Unconstrained build operations Thread 28" [_thread_blocked, id=14556, stack(0x00000061c4a00000,0x00000061c4b00000)]
  0x000001ad61edb2f0 JavaThread "Unconstrained build operations Thread 29" [_thread_blocked, id=13832, stack(0x00000061c4b00000,0x00000061c4c00000)]
  0x000001ad61edb800 JavaThread "Unconstrained build operations Thread 30" [_thread_blocked, id=16012, stack(0x00000061c4c00000,0x00000061c4d00000)]
  0x000001ad61ed9eb0 JavaThread "Unconstrained build operations Thread 31" [_thread_blocked, id=24116, stack(0x00000061c4d00000,0x00000061c4e00000)]
  0x000001ad61eda8d0 JavaThread "Unconstrained build operations Thread 32" [_thread_blocked, id=12712, stack(0x00000061c4e00000,0x00000061c4f00000)]
  0x000001ad61eddb70 JavaThread "build event listener" [_thread_blocked, id=24544, stack(0x00000061c2a00000,0x00000061c2b00000)]
  0x000001ad61ed6700 JavaThread "Memory manager" [_thread_blocked, id=7560, stack(0x00000061c2b00000,0x00000061c2c00000)]
  0x000001ad5db82ea0 JavaThread "Cache worker for Build Output Cleanup Cache (D:\Users\Dell\ReactNative\myApp\node_modules\expo-modules-autolinking\android\expo-gradle-plugin\.gradle\buildOutputCleanup)" [_thread_blocked, id=22340, stack(0x00000061c4900000,0x00000061c4a00000)]
  0x000001ad5db88ed0 JavaThread "Kotlin DSL Writer" [_thread_blocked, id=19472, stack(0x00000061c4f00000,0x00000061c5000000)]
  0x000001ad5db889c0 JavaThread "Unconstrained build operations Thread 33" [_thread_blocked, id=15928, stack(0x00000061c2c00000,0x00000061c2d00000)]
  0x000001ad5db847f0 JavaThread "Unconstrained build operations Thread 34" [_thread_blocked, id=13500, stack(0x00000061c5000000,0x00000061c5100000)]
  0x000001ad5db893e0 JavaThread "Unconstrained build operations Thread 35" [_thread_blocked, id=3984, stack(0x00000061c5100000,0x00000061c5200000)]
  0x000001ad5db87580 JavaThread "Unconstrained build operations Thread 36" [_thread_blocked, id=23240, stack(0x00000061c5200000,0x00000061c5300000)]
  0x000001ad5db87a90 JavaThread "Unconstrained build operations Thread 37" [_thread_blocked, id=8776, stack(0x00000061c5300000,0x00000061c5400000)]
  0x000001ad5db84d00 JavaThread "Unconstrained build operations Thread 38" [_thread_blocked, id=20684, stack(0x00000061c5400000,0x00000061c5500000)]
  0x000001ad5db86140 JavaThread "Unconstrained build operations Thread 39" [_thread_blocked, id=5024, stack(0x00000061c5500000,0x00000061c5600000)]
  0x000001ad5db842e0 JavaThread "Unconstrained build operations Thread 40" [_thread_blocked, id=19876, stack(0x00000061c5700000,0x00000061c5800000)]
  0x000001ad5db86650 JavaThread "Unconstrained build operations Thread 41" [_thread_blocked, id=14992, stack(0x00000061c5800000,0x00000061c5900000)]
  0x000001ad5db86b60 JavaThread "Unconstrained build operations Thread 42" [_thread_blocked, id=20620, stack(0x00000061c5900000,0x00000061c5a00000)]
  0x000001ad5db87fa0 JavaThread "Unconstrained build operations Thread 43" [_thread_blocked, id=9708, stack(0x00000061c5a00000,0x00000061c5b00000)]
  0x000001ad5db87070 JavaThread "Unconstrained build operations Thread 44" [_thread_blocked, id=11472, stack(0x00000061c5b00000,0x00000061c5c00000)]
  0x000001ad5db884b0 JavaThread "Unconstrained build operations Thread 45" [_thread_blocked, id=13248, stack(0x00000061c5c00000,0x00000061c5d00000)]
  0x000001ad5db85c30 JavaThread "Unconstrained build operations Thread 46" [_thread_blocked, id=24044, stack(0x00000061c5d00000,0x00000061c5e00000)]
  0x000001ad5db898f0 JavaThread "Unconstrained build operations Thread 47" [_thread_blocked, id=10152, stack(0x00000061c5e00000,0x00000061c5f00000)]
  0x000001ad5db89e00 JavaThread "Unconstrained build operations Thread 48" [_thread_blocked, id=9472, stack(0x00000061c5f00000,0x00000061c6000000)]
  0x000001ad5db8a310 JavaThread "Unconstrained build operations Thread 49" [_thread_blocked, id=22548, stack(0x00000061c6000000,0x00000061c6100000)]
  0x000001ad5db8a820 JavaThread "Unconstrained build operations Thread 50" [_thread_blocked, id=19568, stack(0x00000061c6100000,0x00000061c6200000)]
  0x000001ad5db833b0 JavaThread "Unconstrained build operations Thread 51" [_thread_blocked, id=12188, stack(0x00000061c6200000,0x00000061c6300000)]
  0x000001ad5db83dd0 JavaThread "Unconstrained build operations Thread 52" [_thread_blocked, id=10808, stack(0x00000061c6300000,0x00000061c6400000)]
  0x000001ad617cad50 JavaThread "Unconstrained build operations Thread 53" [_thread_blocked, id=11140, stack(0x00000061c6400000,0x00000061c6500000)]
  0x000001ad617c7fc0 JavaThread "Unconstrained build operations Thread 54" [_thread_blocked, id=21860, stack(0x00000061c5600000,0x00000061c5700000)]
  0x000001ad617cc190 JavaThread "Unconstrained build operations Thread 55" [_thread_blocked, id=22900, stack(0x00000061c6500000,0x00000061c6600000)]
  0x000001ad617c89e0 JavaThread "Unconstrained build operations Thread 56" [_thread_blocked, id=22964, stack(0x00000061c6600000,0x00000061c6700000)]
  0x000001ad617cb260 JavaThread "Unconstrained build operations Thread 57" [_thread_blocked, id=23880, stack(0x00000061c6700000,0x00000061c6800000)]
  0x000001ad617c8ef0 JavaThread "Unconstrained build operations Thread 58" [_thread_blocked, id=24032, stack(0x00000061c6800000,0x00000061c6900000)]
  0x000001ad617c6670 JavaThread "Unconstrained build operations Thread 59" [_thread_blocked, id=16336, stack(0x00000061c6900000,0x00000061c6a00000)]
  0x000001ad617c6b80 JavaThread "Unconstrained build operations Thread 60" [_thread_blocked, id=25284, stack(0x00000061c6a00000,0x00000061c6b00000)]
  0x000001ad617c75a0 JavaThread "build event listener" [_thread_blocked, id=11992, stack(0x00000061c6b00000,0x00000061c6c00000)]
  0x000001ad617ca840 JavaThread "Unconstrained build operations Thread 61" [_thread_blocked, id=9832, stack(0x00000061c6c00000,0x00000061c6d00000)]
  0x000001ad617cbc80 JavaThread "Unconstrained build operations Thread 62" [_thread_blocked, id=16772, stack(0x00000061c6d00000,0x00000061c6e00000)]
  0x000001ad617c84d0 JavaThread "Unconstrained build operations Thread 63" [_thread_blocked, id=24004, stack(0x00000061c6e00000,0x00000061c6f00000)]
  0x000001ad617c4d20 JavaThread "Unconstrained build operations Thread 64" [_thread_blocked, id=15288, stack(0x00000061c6f00000,0x00000061c7000000)]
  0x000001ad5f4dab10 JavaThread "ForkJoinPool.commonPool-worker-1" daemon [_thread_blocked, id=12024, stack(0x00000061c7000000,0x00000061c7100000)]
  0x000001ad5f4dc460 JavaThread "ForkJoinPool.commonPool-worker-2" daemon [_thread_blocked, id=24056, stack(0x00000061c7100000,0x00000061c7200000)]
  0x000001ad5f4dd8a0 JavaThread "ForkJoinPool.commonPool-worker-3" daemon [_thread_blocked, id=3252, stack(0x00000061c7200000,0x00000061c7300000)]
  0x000001ad5f4dfc10 JavaThread "ForkJoinPool.commonPool-worker-4" daemon [_thread_blocked, id=22168, stack(0x00000061c7300000,0x00000061c7400000)]
  0x000001ad5f4de2c0 JavaThread "ForkJoinPool.commonPool-worker-5" daemon [_thread_blocked, id=12680, stack(0x00000061c7400000,0x00000061c7500000)]
  0x000001ad5f4da600 JavaThread "ForkJoinPool.commonPool-worker-7" daemon [_thread_blocked, id=14828, stack(0x00000061c7500000,0x00000061c7600000)]
  0x000001ad5f4dc970 JavaThread "ForkJoinPool.commonPool-worker-6" daemon [_thread_blocked, id=20444, stack(0x00000061c7600000,0x00000061c7700000)]
  0x000001ad5f4dce80 JavaThread "Exec process Thread 4" [_thread_blocked, id=22360, stack(0x00000061c7700000,0x00000061c7800000)]
  0x000001ad5f4db020 JavaThread "Exec process Thread 5" [_thread_blocked, id=25196, stack(0x00000061c7800000,0x00000061c7900000)]
  0x000001ad5f4db530 JavaThread "Exec process Thread 6" [_thread_blocked, id=17176, stack(0x00000061c7900000,0x00000061c7a00000)]
  0x000001ad5f4dba40 JavaThread "included builds" [_thread_blocked, id=11484, stack(0x00000061c7a00000,0x00000061c7b00000)]
  0x000001ad5f4de7d0 JavaThread "included builds Thread 2" [_thread_in_Java, id=21620, stack(0x00000061c7b00000,0x00000061c7c00000)]
  0x000001ad5f4dd390 JavaThread "Execution worker" [_thread_blocked, id=12512, stack(0x00000061c7c00000,0x00000061c7d00000)]
  0x000001ad5f4dece0 JavaThread "Execution worker Thread 2" [_thread_blocked, id=22372, stack(0x00000061c7d00000,0x00000061c7e00000)]
  0x000001ad5f4d9be0 JavaThread "Execution worker Thread 3" [_thread_blocked, id=10440, stack(0x00000061c7e00000,0x00000061c7f00000)]
  0x000001ad5f4e0630 JavaThread "Execution worker Thread 4" [_thread_blocked, id=23364, stack(0x00000061c7f00000,0x00000061c8000000)]
  0x000001ad5f4df1f0 JavaThread "Execution worker Thread 5" [_thread_blocked, id=17584, stack(0x00000061c8000000,0x00000061c8100000)]
  0x000001ad5f4df700 JavaThread "Execution worker Thread 6" [_thread_in_Java, id=21752, stack(0x00000061c8100000,0x00000061c8200000)]
  0x000001ad5f4e0120 JavaThread "Execution worker Thread 7" [_thread_blocked, id=512, stack(0x00000061c8200000,0x00000061c8300000)]
  0x000001ad5f4e0b40 JavaThread "Cache worker for execution history cache (D:\Users\Dell\ReactNative\myApp\node_modules\expo-modules-autolinking\android\expo-gradle-plugin\.gradle\8.7\executionHistory)" [_thread_blocked, id=22992, stack(0x00000061c8300000,0x00000061c8400000)]
  0x000001ad5f4e1050 JavaThread "Cache worker for execution history cache (D:\Users\Dell\ReactNative\myApp\node_modules\@react-native\gradle-plugin\.gradle\8.7\executionHistory)" [_thread_blocked, id=16408, stack(0x00000061c8400000,0x00000061c8500000)]

Other Threads:
  0x000001ad70b91ab0 VMThread "VM Thread" [stack: 0x00000061c0000000,0x00000061c0100000] [id=22576]
  0x000001ad5c1a3420 WatcherThread [stack: 0x00000061c0c00000,0x00000061c0d00000] [id=23764]
  0x000001ad70b15f40 GCTaskThread "GC Thread#0" [stack: 0x00000061bff00000,0x00000061c0000000] [id=15492]
  0x000001ad5c2be3f0 GCTaskThread "GC Thread#1" [stack: 0x00000061c0e00000,0x00000061c0f00000] [id=21696]
  0x000001ad5c546560 GCTaskThread "GC Thread#2" [stack: 0x00000061c0f00000,0x00000061c1000000] [id=12480]
  0x000001ad5c9c76a0 GCTaskThread "GC Thread#3" [stack: 0x00000061c1000000,0x00000061c1100000] [id=23832]
  0x000001ad5c9c7960 GCTaskThread "GC Thread#4" [stack: 0x00000061c1100000,0x00000061c1200000] [id=5200]
  0x000001ad5d3a37a0 GCTaskThread "GC Thread#5" [stack: 0x00000061c1900000,0x00000061c1a00000] [id=20216]
  0x000001ad5d3a29e0 GCTaskThread "GC Thread#6" [stack: 0x00000061c1a00000,0x00000061c1b00000] [id=18172]
  0x000001ad5d3a2ca0 GCTaskThread "GC Thread#7" [stack: 0x00000061c1b00000,0x00000061c1c00000] [id=18076]

Threads with active compile tasks:
C2 CompilerThread0   131361 29773       4       org.gradle.internal.instantiation.generator.AbstractClassGenerator::inspectType (560 bytes)

VM state: not at safepoint (normal execution)

VM Mutex/Monitor currently owned by a thread: None

Heap address: 0x0000000700000000, size: 4096 MB, Compressed Oops mode: Zero based, Oop shift amount: 3

CDS archive(s) mapped at: [0x000001ad17000000-0x000001ad17bb0000-0x000001ad17bb0000), size 12255232, SharedBaseAddress: 0x000001ad17000000, ArchiveRelocationMode: 1.
Compressed class space mapped at: 0x000001ad18000000-0x000001ad58000000, reserved size: 1073741824
Narrow klass base: 0x000001ad17000000, Narrow klass shift: 0, Narrow klass range: 0x100000000

GC Precious Log:
 CPUs: 8 total, 8 available
 Memory: 7926M
 Large Page Support: Disabled
 NUMA Support: Disabled
 Compressed Oops: Enabled (Zero based)
 Alignments: Space 512K, Generation 512K, Heap 2M
 Heap Min Capacity: 8M
 Heap Initial Capacity: 124M
 Heap Max Capacity: 4G
 Pre-touch: Disabled
 Parallel Workers: 8

Heap:
 PSYoungGen      total 741888K, used 453612K [0x00000007aab00000, 0x00000007db200000, 0x0000000800000000)
  eden space 707584K, 59% used [0x00000007aab00000,0x00000007c447f080,0x00000007d5e00000)
  from space 34304K, 99% used [0x00000007d9080000,0x00000007db1fc038,0x00000007db200000)
  to   space 43008K, 0% used [0x00000007d5e00000,0x00000007d5e00000,0x00000007d8800000)
 ParOldGen       total 186880K, used 121385K [0x0000000700000000, 0x000000070b680000, 0x00000007aab00000)
  object space 186880K, 64% used [0x0000000700000000,0x000000070768a7f8,0x000000070b680000)
 Metaspace       used 166887K, committed 168064K, reserved 1245184K
  class space    used 20618K, committed 21184K, reserved 1048576K

Card table byte_map: [0x000001ad78640000,0x000001ad78e50000] _byte_map_base: 0x000001ad74e40000

Marking Bits: (ParMarkBitMap*) 0x00007ffa066bda90
 Begin Bits: [0x000001ad0f000000, 0x000001ad13000000)
 End Bits:   [0x000001ad13000000, 0x000001ad17000000)

Polling page: 0x000001ad6eb40000

Metaspace:

Usage:
  Non-class:    142.84 MB used.
      Class:     20.14 MB used.
       Both:    162.98 MB used.

Virtual space:
  Non-class space:      192.00 MB reserved,     143.44 MB ( 75%) committed,  3 nodes.
      Class space:        1.00 GB reserved,      20.69 MB (  2%) committed,  1 nodes.
             Both:        1.19 GB reserved,     164.12 MB ( 13%) committed. 

Chunk freelists:
   Non-Class:  400.00 KB
       Class:  11.28 MB
        Both:  11.67 MB

MaxMetaspaceSize: unlimited
CompressedClassSpaceSize: 1.00 GB
Initial GC threshold: 21.00 MB
Current GC threshold: 254.94 MB
CDS: on
MetaspaceReclaimPolicy: balanced
 - commit_granule_bytes: 65536.
 - commit_granule_words: 8192.
 - virtual_space_node_default_size: 8388608.
 - enlarge_chunks_in_place: 1.
 - new_chunks_are_fully_committed: 0.
 - uncommit_free_chunks: 1.
 - use_allocation_guard: 0.
 - handle_deallocations: 1.


Internal statistics:

num_allocs_failed_limit: 9.
num_arena_births: 1792.
num_arena_deaths: 2.
num_vsnodes_births: 4.
num_vsnodes_deaths: 0.
num_space_committed: 2624.
num_space_uncommitted: 0.
num_chunks_returned_to_freelist: 14.
num_chunks_taken_from_freelist: 8266.
num_chunk_merges: 9.
num_chunk_splits: 5934.
num_chunks_enlarged: 4336.
num_inconsistent_stats: 0.

CodeHeap 'non-profiled nmethods': size=120000Kb used=18374Kb max_used=18700Kb free=101625Kb
 bounds [0x000001ad07ad0000, 0x000001ad08d20000, 0x000001ad0f000000]
CodeHeap 'profiled nmethods': size=120000Kb used=56942Kb max_used=58839Kb free=63057Kb
 bounds [0x000001ad00000000, 0x000001ad03980000, 0x000001ad07530000]
CodeHeap 'non-nmethods': size=5760Kb used=2628Kb max_used=2705Kb free=3131Kb
 bounds [0x000001ad07530000, 0x000001ad077f0000, 0x000001ad07ad0000]
 total_blobs=25120 nmethods=23932 adapters=1097
 compilation: enabled
              stopped_count=0, restarted_count=0
 full_count=0

Compilation events (20 events):
Event: 131.253 Thread 0x000001ad70b9f110 29834       3       org.gradle.api.Task$Namer::determineName (7 bytes)
Event: 131.253 Thread 0x000001ad70b9f110 nmethod 29834 0x000001ad015db790 code [0x000001ad015db940, 0x000001ad015dbbd8]
Event: 131.260 Thread 0x000001ad70b9f110 29835       3       java.security.AccessControlContext::combine (205 bytes)
Event: 131.261 Thread 0x000001ad70b9f110 nmethod 29835 0x000001ad006f5990 code [0x000001ad006f5bc0, 0x000001ad006f66d8]
Event: 131.262 Thread 0x000001ad70b9f110 29836       1       org.gradle.internal.logging.events.ProgressStartEvent::getDescription (5 bytes)
Event: 131.263 Thread 0x000001ad70b9f110 nmethod 29836 0x000001ad08b7b290 code [0x000001ad08b7b420, 0x000001ad08b7b4f8]
Event: 131.263 Thread 0x000001ad70b9f110 29837       1       org.gradle.internal.logging.events.ProgressStartEvent::getTotalProgress (5 bytes)
Event: 131.263 Thread 0x000001ad70b9f110 nmethod 29837 0x000001ad08b7ae10 code [0x000001ad08b7afa0, 0x000001ad08b7b078]
Event: 131.275 Thread 0x000001ad70b9f110 29838       1       java.lang.Thread::isDaemon (5 bytes)
Event: 131.275 Thread 0x000001ad70b9f110 nmethod 29838 0x000001ad08c64890 code [0x000001ad08c64a20, 0x000001ad08c64af8]
Event: 131.275 Thread 0x000001ad70b9f110 29839       1       java.lang.Thread::getPriority (5 bytes)
Event: 131.275 Thread 0x000001ad70b9f110 nmethod 29839 0x000001ad08c64410 code [0x000001ad08c645a0, 0x000001ad08c64678]
Event: 131.276 Thread 0x000001ad70b9f110 29840       3       java.lang.StringBuilder::append (8 bytes)
Event: 131.276 Thread 0x000001ad70b9f110 nmethod 29840 0x000001ad0042ae10 code [0x000001ad0042afa0, 0x000001ad0042b0e8]
Event: 131.279 Thread 0x000001ad70b9f110 29841       1       org.gradle.execution.plan.Node::getIndex (5 bytes)
Event: 131.279 Thread 0x000001ad70b9f110 nmethod 29841 0x000001ad08286d90 code [0x000001ad08286f20, 0x000001ad08286ff8]
Event: 131.279 Thread 0x000001ad70b9f110 29842       3       org.gradle.internal.resources.DefaultLease::doIsLockedByCurrentThread (16 bytes)
Event: 131.279 Thread 0x000001ad70b9f110 nmethod 29842 0x000001ad004b3010 code [0x000001ad004b31a0, 0x000001ad004b3318]
Event: 131.287 Thread 0x000001ad70b9f110 29843       3       org.gradle.internal.service.DefaultServiceRegistry$ClassInspector::getDetailsForClass (50 bytes)
Event: 131.287 Thread 0x000001ad70b9f110 nmethod 29843 0x000001ad012e1d10 code [0x000001ad012e1ee0, 0x000001ad012e24a8]

GC Heap History (20 events):
Event: 100.749 GC heap before
{Heap before GC invocations=106 (full 5):
 PSYoungGen      total 513536K, used 509525K [0x00000007aab00000, 0x00000007cbb80000, 0x0000000800000000)
  eden space 491008K, 100% used [0x00000007aab00000,0x00000007c8a80000,0x00000007c8a80000)
  from space 22528K, 82% used [0x00000007ca500000,0x00000007cb7154d8,0x00000007cbb00000)
  to   space 25088K, 0% used [0x00000007c8a80000,0x00000007c8a80000,0x00000007ca300000)
 ParOldGen       total 141312K, used 112894K [0x0000000700000000, 0x0000000708a00000, 0x00000007aab00000)
  object space 141312K, 79% used [0x0000000700000000,0x0000000706e3f9d8,0x0000000708a00000)
 Metaspace       used 155496K, committed 156544K, reserved 1245184K
  class space    used 19186K, committed 19712K, reserved 1048576K
}
Event: 100.773 GC heap after
{Heap after GC invocations=106 (full 5):
 PSYoungGen      total 516096K, used 25060K [0x00000007aab00000, 0x00000007cc580000, 0x0000000800000000)
  eden space 491008K, 0% used [0x00000007aab00000,0x00000007aab00000,0x00000007c8a80000)
  from space 25088K, 99% used [0x00000007c8a80000,0x00000007ca2f9090,0x00000007ca300000)
  to   space 30208K, 0% used [0x00000007ca800000,0x00000007ca800000,0x00000007cc580000)
 ParOldGen       total 141312K, used 115608K [0x0000000700000000, 0x0000000708a00000, 0x00000007aab00000)
  object space 141312K, 81% used [0x0000000700000000,0x00000007070e6078,0x0000000708a00000)
 Metaspace       used 155496K, committed 156544K, reserved 1245184K
  class space    used 19186K, committed 19712K, reserved 1048576K
}
Event: 101.791 GC heap before
{Heap before GC invocations=107 (full 5):
 PSYoungGen      total 516096K, used 516068K [0x00000007aab00000, 0x00000007cc580000, 0x0000000800000000)
  eden space 491008K, 100% used [0x00000007aab00000,0x00000007c8a80000,0x00000007c8a80000)
  from space 25088K, 99% used [0x00000007c8a80000,0x00000007ca2f9090,0x00000007ca300000)
  to   space 30208K, 0% used [0x00000007ca800000,0x00000007ca800000,0x00000007cc580000)
 ParOldGen       total 141312K, used 115707K [0x0000000700000000, 0x0000000708a00000, 0x00000007aab00000)
  object space 141312K, 81% used [0x0000000700000000,0x00000007070fee58,0x0000000708a00000)
 Metaspace       used 155518K, committed 156544K, reserved 1245184K
  class space    used 19186K, committed 19712K, reserved 1048576K
}
Event: 101.917 GC heap after
{Heap after GC invocations=107 (full 5):
 PSYoungGen      total 516608K, used 28046K [0x00000007aab00000, 0x00000007cce80000, 0x0000000800000000)
  eden space 486400K, 0% used [0x00000007aab00000,0x00000007aab00000,0x00000007c8600000)
  from space 30208K, 92% used [0x00000007ca800000,0x00000007cc363a58,0x00000007cc580000)
  to   space 34816K, 0% used [0x00000007c8600000,0x00000007c8600000,0x00000007ca800000)
 ParOldGen       total 141312K, used 115779K [0x0000000700000000, 0x0000000708a00000, 0x00000007aab00000)
  object space 141312K, 81% used [0x0000000700000000,0x0000000707110e58,0x0000000708a00000)
 Metaspace       used 155518K, committed 156544K, reserved 1245184K
  class space    used 19186K, committed 19712K, reserved 1048576K
}
Event: 103.935 GC heap before
{Heap before GC invocations=108 (full 5):
 PSYoungGen      total 516608K, used 514446K [0x00000007aab00000, 0x00000007cce80000, 0x0000000800000000)
  eden space 486400K, 100% used [0x00000007aab00000,0x00000007c8600000,0x00000007c8600000)
  from space 30208K, 92% used [0x00000007ca800000,0x00000007cc363a58,0x00000007cc580000)
  to   space 34816K, 0% used [0x00000007c8600000,0x00000007c8600000,0x00000007ca800000)
 ParOldGen       total 141312K, used 115864K [0x0000000700000000, 0x0000000708a00000, 0x00000007aab00000)
  object space 141312K, 81% used [0x0000000700000000,0x00000007071260d8,0x0000000708a00000)
 Metaspace       used 155519K, committed 156544K, reserved 1245184K
  class space    used 19186K, committed 19712K, reserved 1048576K
}
Event: 103.947 GC heap after
{Heap after GC invocations=108 (full 5):
 PSYoungGen      total 521216K, used 27156K [0x00000007aab00000, 0x00000007d1980000, 0x0000000800000000)
  eden space 486400K, 0% used [0x00000007aab00000,0x00000007aab00000,0x00000007c8600000)
  from space 34816K, 78% used [0x00000007c8600000,0x00000007ca085260,0x00000007ca800000)
  to   space 37888K, 0% used [0x00000007cf480000,0x00000007cf480000,0x00000007d1980000)
 ParOldGen       total 141312K, used 116080K [0x0000000700000000, 0x0000000708a00000, 0x00000007aab00000)
  object space 141312K, 82% used [0x0000000700000000,0x000000070715c0d8,0x0000000708a00000)
 Metaspace       used 155519K, committed 156544K, reserved 1245184K
  class space    used 19186K, committed 19712K, reserved 1048576K
}
Event: 105.787 GC heap before
{Heap before GC invocations=109 (full 5):
 PSYoungGen      total 521216K, used 513556K [0x00000007aab00000, 0x00000007d1980000, 0x0000000800000000)
  eden space 486400K, 100% used [0x00000007aab00000,0x00000007c8600000,0x00000007c8600000)
  from space 34816K, 78% used [0x00000007c8600000,0x00000007ca085260,0x00000007ca800000)
  to   space 37888K, 0% used [0x00000007cf480000,0x00000007cf480000,0x00000007d1980000)
 ParOldGen       total 141312K, used 116080K [0x0000000700000000, 0x0000000708a00000, 0x00000007aab00000)
  object space 141312K, 82% used [0x0000000700000000,0x000000070715c0d8,0x0000000708a00000)
 Metaspace       used 155519K, committed 156544K, reserved 1245184K
  class space    used 19186K, committed 19712K, reserved 1048576K
}
Event: 105.822 GC heap after
{Heap after GC invocations=109 (full 5):
 PSYoungGen      total 595968K, used 30088K [0x00000007aab00000, 0x00000007d1f00000, 0x0000000800000000)
  eden space 558080K, 0% used [0x00000007aab00000,0x00000007aab00000,0x00000007ccc00000)
  from space 37888K, 79% used [0x00000007cf480000,0x00000007d11e2080,0x00000007d1980000)
  to   space 41472K, 0% used [0x00000007ccc00000,0x00000007ccc00000,0x00000007cf480000)
 ParOldGen       total 141312K, used 116184K [0x0000000700000000, 0x0000000708a00000, 0x00000007aab00000)
  object space 141312K, 82% used [0x0000000700000000,0x00000007071760d8,0x0000000708a00000)
 Metaspace       used 155519K, committed 156544K, reserved 1245184K
  class space    used 19186K, committed 19712K, reserved 1048576K
}
Event: 108.162 GC heap before
{Heap before GC invocations=110 (full 5):
 PSYoungGen      total 595968K, used 588168K [0x00000007aab00000, 0x00000007d1f00000, 0x0000000800000000)
  eden space 558080K, 100% used [0x00000007aab00000,0x00000007ccc00000,0x00000007ccc00000)
  from space 37888K, 79% used [0x00000007cf480000,0x00000007d11e2080,0x00000007d1980000)
  to   space 41472K, 0% used [0x00000007ccc00000,0x00000007ccc00000,0x00000007cf480000)
 ParOldGen       total 141312K, used 116184K [0x0000000700000000, 0x0000000708a00000, 0x00000007aab00000)
  object space 141312K, 82% used [0x0000000700000000,0x00000007071760d8,0x0000000708a00000)
 Metaspace       used 155521K, committed 156544K, reserved 1245184K
  class space    used 19186K, committed 19712K, reserved 1048576K
}
Event: 108.180 GC heap after
{Heap after GC invocations=110 (full 5):
 PSYoungGen      total 599552K, used 33311K [0x00000007aab00000, 0x00000007d7280000, 0x0000000800000000)
  eden space 558080K, 0% used [0x00000007aab00000,0x00000007aab00000,0x00000007ccc00000)
  from space 41472K, 80% used [0x00000007ccc00000,0x00000007cec87d80,0x00000007cf480000)
  to   space 45056K, 0% used [0x00000007d4680000,0x00000007d4680000,0x00000007d7280000)
 ParOldGen       total 141312K, used 116192K [0x0000000700000000, 0x0000000708a00000, 0x00000007aab00000)
  object space 141312K, 82% used [0x0000000700000000,0x00000007071780d8,0x0000000708a00000)
 Metaspace       used 155521K, committed 156544K, reserved 1245184K
  class space    used 19186K, committed 19712K, reserved 1048576K
}
Event: 110.798 GC heap before
{Heap before GC invocations=111 (full 5):
 PSYoungGen      total 599552K, used 591391K [0x00000007aab00000, 0x00000007d7280000, 0x0000000800000000)
  eden space 558080K, 100% used [0x00000007aab00000,0x00000007ccc00000,0x00000007ccc00000)
  from space 41472K, 80% used [0x00000007ccc00000,0x00000007cec87d80,0x00000007cf480000)
  to   space 45056K, 0% used [0x00000007d4680000,0x00000007d4680000,0x00000007d7280000)
 ParOldGen       total 141312K, used 116192K [0x0000000700000000, 0x0000000708a00000, 0x00000007aab00000)
  object space 141312K, 82% used [0x0000000700000000,0x00000007071780d8,0x0000000708a00000)
 Metaspace       used 155521K, committed 156544K, reserved 1245184K
  class space    used 19186K, committed 19712K, reserved 1048576K
}
Event: 110.817 GC heap after
{Heap after GC invocations=111 (full 5):
 PSYoungGen      total 673280K, used 20625K [0x00000007aab00000, 0x00000007d6c00000, 0x0000000800000000)
  eden space 634880K, 0% used [0x00000007aab00000,0x00000007aab00000,0x00000007d1700000)
  from space 38400K, 53% used [0x00000007d4680000,0x00000007d5aa4630,0x00000007d6c00000)
  to   space 43520K, 0% used [0x00000007d1700000,0x00000007d1700000,0x00000007d4180000)
 ParOldGen       total 141312K, used 132152K [0x0000000700000000, 0x0000000708a00000, 0x00000007aab00000)
  object space 141312K, 93% used [0x0000000700000000,0x000000070810e2f0,0x0000000708a00000)
 Metaspace       used 155521K, committed 156544K, reserved 1245184K
  class space    used 19186K, committed 19712K, reserved 1048576K
}
Event: 114.630 GC heap before
{Heap before GC invocations=112 (full 6):
 PSYoungGen      total 673280K, used 655505K [0x00000007aab00000, 0x00000007d6c00000, 0x0000000800000000)
  eden space 634880K, 100% used [0x00000007aab00000,0x00000007d1700000,0x00000007d1700000)
  from space 38400K, 53% used [0x00000007d4680000,0x00000007d5aa4630,0x00000007d6c00000)
  to   space 43520K, 0% used [0x00000007d1700000,0x00000007d1700000,0x00000007d4180000)
 ParOldGen       total 141312K, used 132152K [0x0000000700000000, 0x0000000708a00000, 0x00000007aab00000)
  object space 141312K, 93% used [0x0000000700000000,0x000000070810e2f0,0x0000000708a00000)
 Metaspace       used 155539K, committed 156608K, reserved 1245184K
  class space    used 19186K, committed 19712K, reserved 1048576K
}
Event: 115.421 GC heap after
{Heap after GC invocations=112 (full 6):
 PSYoungGen      total 678400K, used 0K [0x00000007aab00000, 0x00000007dbb00000, 0x0000000800000000)
  eden space 634880K, 0% used [0x00000007aab00000,0x00000007aab00000,0x00000007d1700000)
  from space 43520K, 0% used [0x00000007d1700000,0x00000007d1700000,0x00000007d4180000)
  to   space 43520K, 0% used [0x00000007d9080000,0x00000007d9080000,0x00000007dbb00000)
 ParOldGen       total 186880K, used 103904K [0x0000000700000000, 0x000000070b680000, 0x00000007aab00000)
  object space 186880K, 55% used [0x0000000700000000,0x00000007065780e0,0x000000070b680000)
 Metaspace       used 155539K, committed 156608K, reserved 1245184K
  class space    used 19186K, committed 19712K, reserved 1048576K
}
Event: 118.673 GC heap before
{Heap before GC invocations=113 (full 6):
 PSYoungGen      total 678400K, used 634880K [0x00000007aab00000, 0x00000007dbb00000, 0x0000000800000000)
  eden space 634880K, 100% used [0x00000007aab00000,0x00000007d1700000,0x00000007d1700000)
  from space 43520K, 0% used [0x00000007d1700000,0x00000007d1700000,0x00000007d4180000)
  to   space 43520K, 0% used [0x00000007d9080000,0x00000007d9080000,0x00000007dbb00000)
 ParOldGen       total 186880K, used 103904K [0x0000000700000000, 0x000000070b680000, 0x00000007aab00000)
  object space 186880K, 55% used [0x0000000700000000,0x00000007065780e0,0x000000070b680000)
 Metaspace       used 155547K, committed 156608K, reserved 1245184K
  class space    used 19186K, committed 19712K, reserved 1048576K
}
Event: 118.677 GC heap after
{Heap after GC invocations=113 (full 6):
 PSYoungGen      total 741888K, used 5017K [0x00000007aab00000, 0x00000007db200000, 0x0000000800000000)
  eden space 707584K, 0% used [0x00000007aab00000,0x00000007aab00000,0x00000007d5e00000)
  from space 34304K, 14% used [0x00000007d9080000,0x00000007d9566748,0x00000007db200000)
  to   space 43008K, 0% used [0x00000007d5e00000,0x00000007d5e00000,0x00000007d8800000)
 ParOldGen       total 186880K, used 103904K [0x0000000700000000, 0x000000070b680000, 0x00000007aab00000)
  object space 186880K, 55% used [0x0000000700000000,0x00000007065780e0,0x000000070b680000)
 Metaspace       used 155547K, committed 156608K, reserved 1245184K
  class space    used 19186K, committed 19712K, reserved 1048576K
}
Event: 119.760 GC heap before
{Heap before GC invocations=114 (full 6):
 PSYoungGen      total 741888K, used 712601K [0x00000007aab00000, 0x00000007db200000, 0x0000000800000000)
  eden space 707584K, 100% used [0x00000007aab00000,0x00000007d5e00000,0x00000007d5e00000)
  from space 34304K, 14% used [0x00000007d9080000,0x00000007d9566748,0x00000007db200000)
  to   space 43008K, 0% used [0x00000007d5e00000,0x00000007d5e00000,0x00000007d8800000)
 ParOldGen       total 186880K, used 103904K [0x0000000700000000, 0x000000070b680000, 0x00000007aab00000)
  object space 186880K, 55% used [0x0000000700000000,0x00000007065780e0,0x000000070b680000)
 Metaspace       used 155547K, committed 156608K, reserved 1245184K
  class space    used 19186K, committed 19712K, reserved 1048576K
}
Event: 119.763 GC heap after
{Heap after GC invocations=114 (full 6):
 PSYoungGen      total 750592K, used 4769K [0x00000007aab00000, 0x00000007db200000, 0x0000000800000000)
  eden space 707584K, 0% used [0x00000007aab00000,0x00000007aab00000,0x00000007d5e00000)
  from space 43008K, 11% used [0x00000007d5e00000,0x00000007d62a85a0,0x00000007d8800000)
  to   space 34304K, 0% used [0x00000007d9080000,0x00000007d9080000,0x00000007db200000)
 ParOldGen       total 186880K, used 103904K [0x0000000700000000, 0x000000070b680000, 0x00000007aab00000)
  object space 186880K, 55% used [0x0000000700000000,0x00000007065780e0,0x000000070b680000)
 Metaspace       used 155547K, committed 156608K, reserved 1245184K
  class space    used 19186K, committed 19712K, reserved 1048576K
}
Event: 123.725 GC heap before
{Heap before GC invocations=115 (full 6):
 PSYoungGen      total 750592K, used 712353K [0x00000007aab00000, 0x00000007db200000, 0x0000000800000000)
  eden space 707584K, 100% used [0x00000007aab00000,0x00000007d5e00000,0x00000007d5e00000)
  from space 43008K, 11% used [0x00000007d5e00000,0x00000007d62a85a0,0x00000007d8800000)
  to   space 34304K, 0% used [0x00000007d9080000,0x00000007d9080000,0x00000007db200000)
 ParOldGen       total 186880K, used 103904K [0x0000000700000000, 0x000000070b680000, 0x00000007aab00000)
  object space 186880K, 55% used [0x0000000700000000,0x00000007065780e0,0x000000070b680000)
 Metaspace       used 159860K, committed 161024K, reserved 1245184K
  class space    used 19753K, committed 20352K, reserved 1048576K
}
Event: 123.877 GC heap after
{Heap after GC invocations=115 (full 6):
 PSYoungGen      total 741888K, used 34288K [0x00000007aab00000, 0x00000007db200000, 0x0000000800000000)
  eden space 707584K, 0% used [0x00000007aab00000,0x00000007aab00000,0x00000007d5e00000)
  from space 34304K, 99% used [0x00000007d9080000,0x00000007db1fc038,0x00000007db200000)
  to   space 43008K, 0% used [0x00000007d5e00000,0x00000007d5e00000,0x00000007d8800000)
 ParOldGen       total 186880K, used 121385K [0x0000000700000000, 0x000000070b680000, 0x00000007aab00000)
  object space 186880K, 64% used [0x0000000700000000,0x000000070768a7f8,0x000000070b680000)
 Metaspace       used 159860K, committed 161024K, reserved 1245184K
  class space    used 19753K, committed 20352K, reserved 1048576K
}

Dll operation events (15 events):
Event: 0.024 Loaded shared library C:\Program Files\Microsoft\jdk-17.0.15.6-hotspot\bin\java.dll
Event: 0.048 Loaded shared library C:\Program Files\Microsoft\jdk-17.0.15.6-hotspot\bin\jsvml.dll
Event: 0.119 Loaded shared library C:\Program Files\Microsoft\jdk-17.0.15.6-hotspot\bin\zip.dll
Event: 0.124 Loaded shared library C:\Program Files\Microsoft\jdk-17.0.15.6-hotspot\bin\instrument.dll
Event: 0.127 Loaded shared library C:\Program Files\Microsoft\jdk-17.0.15.6-hotspot\bin\net.dll
Event: 0.129 Loaded shared library C:\Program Files\Microsoft\jdk-17.0.15.6-hotspot\bin\nio.dll
Event: 0.132 Loaded shared library C:\Program Files\Microsoft\jdk-17.0.15.6-hotspot\bin\zip.dll
Event: 0.305 Loaded shared library C:\Program Files\Microsoft\jdk-17.0.15.6-hotspot\bin\jimage.dll
Event: 0.376 Loaded shared library C:\Program Files\Microsoft\jdk-17.0.15.6-hotspot\bin\verify.dll
Event: 0.496 Loaded shared library C:\Users\Dell\.gradle\native\c067742578af261105cb4f569cf0c3c89f3d7b1fecec35dd04571415982c5e48\windows-amd64\native-platform.dll
Event: 0.553 Loaded shared library C:\Users\Dell\.gradle\native\38dada09dfb8b06ba9b0570ebf7e218e3eb74d4ef43ca46872605cf95ebc2f47\windows-amd64\native-platform-file-events.dll
Event: 1.502 Loaded shared library C:\Program Files\Microsoft\jdk-17.0.15.6-hotspot\bin\management.dll
Event: 1.504 Loaded shared library C:\Program Files\Microsoft\jdk-17.0.15.6-hotspot\bin\management_ext.dll
Event: 1.703 Loaded shared library C:\Program Files\Microsoft\jdk-17.0.15.6-hotspot\bin\extnet.dll
Event: 1.847 Loaded shared library C:\Program Files\Microsoft\jdk-17.0.15.6-hotspot\bin\sunmscapi.dll

Deoptimization events (20 events):
Event: 131.176 Thread 0x000001ad5dcfdc10 Uncommon trap: trap_request=0xffffffde fr.pc=0x000001ad07fd390c relative=0x0000000000000eac
Event: 131.176 Thread 0x000001ad5dcfdc10 Uncommon trap: reason=class_check action=maybe_recompile pc=0x000001ad07fd390c method=java.util.stream.StreamSpliterators$AbstractWrappingSpliterator.doAdvance()Z @ 37 c2
Event: 131.176 Thread 0x000001ad5dcfdc10 DEOPT PACKING pc=0x000001ad07fd390c sp=0x00000061c18f5e10
Event: 131.176 Thread 0x000001ad5dcfdc10 DEOPT UNPACKING pc=0x000001ad07589ea3 sp=0x00000061c18f5d10 mode 2
Event: 131.262 Thread 0x000001ad5f4dba40 Uncommon trap: trap_request=0xffffffbe fr.pc=0x000001ad08bb05dc relative=0x00000000000009bc
Event: 131.262 Thread 0x000001ad5f4de7d0 Uncommon trap: trap_request=0xffffffbe fr.pc=0x000001ad08bb05dc relative=0x00000000000009bc
Event: 131.262 Thread 0x000001ad5f4dba40 Uncommon trap: reason=profile_predicate action=maybe_recompile pc=0x000001ad08bb05dc method=org.gradle.tooling.internal.provider.runner.ClientBuildEventGenerator.started(Lorg/gradle/internal/operations/BuildOperationDescriptor;Lorg/gradle/internal/operati
Event: 131.262 Thread 0x000001ad5f4de7d0 Uncommon trap: reason=profile_predicate action=maybe_recompile pc=0x000001ad08bb05dc method=org.gradle.tooling.internal.provider.runner.ClientBuildEventGenerator.started(Lorg/gradle/internal/operations/BuildOperationDescriptor;Lorg/gradle/internal/operati
Event: 131.262 Thread 0x000001ad5f4dba40 DEOPT PACKING pc=0x000001ad08bb05dc sp=0x00000061c7afe480
Event: 131.262 Thread 0x000001ad5f4de7d0 DEOPT PACKING pc=0x000001ad08bb05dc sp=0x00000061c7bfe350
Event: 131.262 Thread 0x000001ad5f4de7d0 DEOPT UNPACKING pc=0x000001ad07589ea3 sp=0x00000061c7bfe2e8 mode 2
Event: 131.263 Thread 0x000001ad5f4dba40 DEOPT UNPACKING pc=0x000001ad07589ea3 sp=0x00000061c7afe418 mode 2
Event: 131.283 Thread 0x000001ad5f4df700 Uncommon trap: trap_request=0xffffff45 fr.pc=0x000001ad08650624 relative=0x0000000000000184
Event: 131.283 Thread 0x000001ad5f4df700 Uncommon trap: reason=unstable_if action=reinterpret pc=0x000001ad08650624 method=java.lang.Class.newReflectionData(Ljava/lang/ref/SoftReference;I)Ljava/lang/Class$ReflectionData; @ 22 c2
Event: 131.283 Thread 0x000001ad5f4df700 DEOPT PACKING pc=0x000001ad08650624 sp=0x00000061c81fe590
Event: 131.283 Thread 0x000001ad5f4df700 DEOPT UNPACKING pc=0x000001ad07589ea3 sp=0x00000061c81fe460 mode 2
Event: 131.287 Thread 0x000001ad5f4de7d0 Uncommon trap: trap_request=0xffffff45 fr.pc=0x000001ad07dabb40 relative=0x0000000000000840
Event: 131.287 Thread 0x000001ad5f4de7d0 Uncommon trap: reason=unstable_if action=reinterpret pc=0x000001ad07dabb40 method=java.lang.Class.newReflectionData(Ljava/lang/ref/SoftReference;I)Ljava/lang/Class$ReflectionData; @ 22 c2
Event: 131.287 Thread 0x000001ad5f4de7d0 DEOPT PACKING pc=0x000001ad07dabb40 sp=0x00000061c7bfd1e0
Event: 131.287 Thread 0x000001ad5f4de7d0 DEOPT UNPACKING pc=0x000001ad07589ea3 sp=0x00000061c7bfcf28 mode 2

Classes loaded (20 events):
Event: 130.266 Loading class sun/reflect/annotation/AnnotationInvocationHandler$1
Event: 130.281 Loading class sun/reflect/annotation/AnnotationInvocationHandler$1 done
Event: 130.727 Loading class org/xml/sax/Locator
Event: 130.728 Loading class org/xml/sax/Locator done
Event: 130.737 Loading class org/xml/sax/Attributes
Event: 130.738 Loading class org/xml/sax/Attributes done
Event: 130.743 Loading class java/util/TreeMap$EntrySpliterator
Event: 130.744 Loading class java/util/TreeMap$TreeMapSpliterator
Event: 130.746 Loading class java/util/TreeMap$TreeMapSpliterator done
Event: 130.746 Loading class java/util/TreeMap$EntrySpliterator done
Event: 130.808 Loading class org/xml/sax/ContentHandler
Event: 130.808 Loading class org/xml/sax/ContentHandler done
Event: 130.808 Loading class org/xml/sax/DTDHandler
Event: 130.809 Loading class org/xml/sax/DTDHandler done
Event: 130.828 Loading class java/util/Spliterators$IntArraySpliterator
Event: 130.828 Loading class java/util/Spliterators$IntArraySpliterator done
Event: 130.969 Loading class java/util/stream/ReferencePipeline$15
Event: 130.969 Loading class java/util/stream/ReferencePipeline$15 done
Event: 130.979 Loading class java/util/stream/ReferencePipeline$15$1
Event: 130.979 Loading class java/util/stream/ReferencePipeline$15$1 done

Classes unloaded (5 events):
Event: 31.202 Thread 0x000001ad70b91ab0 Unloading class 0x000001ad185453e8 '_BuildScript_$_run_closure2'
Event: 31.202 Thread 0x000001ad70b91ab0 Unloading class 0x000001ad18545000 '_BuildScript_$_run_closure1$_closure4'
Event: 31.202 Thread 0x000001ad70b91ab0 Unloading class 0x000001ad18544918 '_BuildScript_$_run_closure1$_closure3'
Event: 31.202 Thread 0x000001ad70b91ab0 Unloading class 0x000001ad18544530 '_BuildScript_$_run_closure1'
Event: 31.202 Thread 0x000001ad70b91ab0 Unloading class 0x000001ad18544000 '_BuildScript_'

Classes redefined (0 events):
No events

Internal exceptions (20 events):
Event: 130.682 Thread 0x000001ad5dcfdc10 Exception <a 'java/lang/ClassNotFoundException'{0x00000007c0d5e508}: org/gradle/api/internal/project/DefaultProject_DecoratedBeanInfo> (0x00000007c0d5e508) 
thrown [s\src\hotspot\share\classfile\systemDictionary.cpp, line 256]
Event: 130.683 Thread 0x000001ad5dcfdc10 Exception <a 'java/lang/ClassNotFoundException'{0x00000007c0d6c6d8}: org/gradle/api/internal/project/DefaultProjectBeanInfo> (0x00000007c0d6c6d8) 
thrown [s\src\hotspot\share\classfile\systemDictionary.cpp, line 256]
Event: 130.683 Thread 0x000001ad5dcfdc10 Exception <a 'java/lang/ClassNotFoundException'{0x00000007c0d7a8d0}: org/gradle/api/internal/project/DefaultProjectCustomizer> (0x00000007c0d7a8d0) 
thrown [s\src\hotspot\share\classfile\systemDictionary.cpp, line 256]
Event: 130.698 Thread 0x000001ad5dcfdc10 Exception <a 'java/lang/ClassNotFoundException'{0x00000007c0e314b0}: org/gradle/api/internal/project/DefaultProject_DecoratedCustomizer> (0x00000007c0e314b0) 
thrown [s\src\hotspot\share\classfile\systemDictionary.cpp, line 256]
Event: 130.809 Thread 0x000001ad5dcfdc10 Exception <a 'java/lang/IncompatibleClassChangeError'{0x00000007c0fafa38}: Found class java.lang.Object, but interface was expected> (0x00000007c0fafa38) 
thrown [s\src\hotspot\share\interpreter\linkResolver.cpp, line 826]
Event: 130.878 Thread 0x000001ad5dcfdc10 Exception <a 'java/lang/ClassNotFoundException'{0x00000007c116fce0}: org/gradle/api/internal/project/DefaultAntBuilderBeanInfo> (0x00000007c116fce0) 
thrown [s\src\hotspot\share\classfile\systemDictionary.cpp, line 256]
Event: 130.878 Thread 0x000001ad5dcfdc10 Exception <a 'java/lang/ClassNotFoundException'{0x00000007c117e0f0}: org/gradle/api/internal/project/ant/BasicAntBuilderBeanInfo> (0x00000007c117e0f0) 
thrown [s\src\hotspot\share\classfile\systemDictionary.cpp, line 256]
Event: 130.879 Thread 0x000001ad5dcfdc10 Exception <a 'java/lang/ClassNotFoundException'{0x00000007c118bdb8}: org/gradle/api/AntBuilderBeanInfo> (0x00000007c118bdb8) 
thrown [s\src\hotspot\share\classfile\systemDictionary.cpp, line 256]
Event: 130.880 Thread 0x000001ad5dcfdc10 Exception <a 'java/lang/ClassNotFoundException'{0x00000007c119b530}: groovy/ant/AntBuilderBeanInfo> (0x00000007c119b530) 
thrown [s\src\hotspot\share\classfile\systemDictionary.cpp, line 256]
Event: 130.882 Thread 0x000001ad5dcfdc10 Exception <a 'java/lang/ClassNotFoundException'{0x00000007c11dffe8}: groovy/util/BuilderSupportBeanInfo> (0x00000007c11dffe8) 
thrown [s\src\hotspot\share\classfile\systemDictionary.cpp, line 256]
Event: 130.884 Thread 0x000001ad5dcfdc10 Exception <a 'java/lang/ClassNotFoundException'{0x00000007c12247e8}: groovy/util/BuilderSupportCustomizer> (0x00000007c12247e8) 
thrown [s\src\hotspot\share\classfile\systemDictionary.cpp, line 256]
Event: 130.886 Thread 0x000001ad5dcfdc10 Exception <a 'java/lang/ClassNotFoundException'{0x00000007c12360f8}: groovy/ant/AntBuilderCustomizer> (0x00000007c12360f8) 
thrown [s\src\hotspot\share\classfile\systemDictionary.cpp, line 256]
Event: 130.888 Thread 0x000001ad5dcfdc10 Exception <a 'java/lang/ClassNotFoundException'{0x00000007c12489e8}: org/gradle/api/AntBuilderCustomizer> (0x00000007c12489e8) 
thrown [s\src\hotspot\share\classfile\systemDictionary.cpp, line 256]
Event: 130.890 Thread 0x000001ad5dcfdc10 Exception <a 'java/lang/ClassNotFoundException'{0x00000007c1261fa8}: org/gradle/api/internal/project/ant/BasicAntBuilderCustomizer> (0x00000007c1261fa8) 
thrown [s\src\hotspot\share\classfile\systemDictionary.cpp, line 256]
Event: 130.894 Thread 0x000001ad5dcfdc10 Exception <a 'java/lang/ClassNotFoundException'{0x00000007c1282d48}: org/gradle/api/internal/project/DefaultAntBuilderCustomizer> (0x00000007c1282d48) 
thrown [s\src\hotspot\share\classfile\systemDictionary.cpp, line 256]
Event: 130.969 Thread 0x000001ad5dcfdc10 Implicit null exception at 0x000001ad08bafe0c to 0x000001ad08bb05c8
Event: 130.969 Thread 0x000001ad5dcfdc10 Implicit null exception at 0x000001ad08bafe0c to 0x000001ad08bb05c8
Event: 131.124 Thread 0x000001ad5dcfdc10 Implicit null exception at 0x000001ad08cfd7e6 to 0x000001ad08d06264
Event: 131.262 Thread 0x000001ad5f4dba40 Implicit null exception at 0x000001ad08bafe0c to 0x000001ad08bb05c8
Event: 131.262 Thread 0x000001ad5f4de7d0 Implicit null exception at 0x000001ad08bafe0c to 0x000001ad08bb05c8

VM Operations (20 events):
Event: 128.842 Executing VM operation: Cleanup
Event: 128.843 Executing VM operation: Cleanup done
Event: 129.509 Executing VM operation: ICBufferFull
Event: 129.509 Executing VM operation: ICBufferFull done
Event: 129.805 Executing VM operation: HandshakeAllThreads
Event: 129.806 Executing VM operation: HandshakeAllThreads done
Event: 129.894 Executing VM operation: ICBufferFull
Event: 129.894 Executing VM operation: ICBufferFull done
Event: 130.295 Executing VM operation: ICBufferFull
Event: 130.295 Executing VM operation: ICBufferFull done
Event: 130.509 Executing VM operation: HandshakeAllThreads
Event: 130.509 Executing VM operation: HandshakeAllThreads done
Event: 130.779 Executing VM operation: HandshakeAllThreads
Event: 130.779 Executing VM operation: HandshakeAllThreads done
Event: 130.779 Executing VM operation: HandshakeAllThreads
Event: 130.779 Executing VM operation: HandshakeAllThreads done
Event: 131.095 Executing VM operation: ICBufferFull
Event: 131.095 Executing VM operation: ICBufferFull done
Event: 131.124 Executing VM operation: HandshakeAllThreads
Event: 131.125 Executing VM operation: HandshakeAllThreads done

Memory protections (0 events):
No events

Nmethod flushes (20 events):
Event: 131.160 Thread 0x000001ad70b9fa20 flushing  nmethod 0x000001ad02215690
Event: 131.160 Thread 0x000001ad70b9fa20 flushing  nmethod 0x000001ad02216290
Event: 131.160 Thread 0x000001ad70b9fa20 flushing  nmethod 0x000001ad02221490
Event: 131.160 Thread 0x000001ad70b9fa20 flushing  nmethod 0x000001ad0222bd90
Event: 131.160 Thread 0x000001ad70b9fa20 flushing  nmethod 0x000001ad02249710
Event: 131.161 Thread 0x000001ad70b9fa20 flushing  nmethod 0x000001ad023e0390
Event: 131.161 Thread 0x000001ad70b9fa20 flushing  nmethod 0x000001ad023e3790
Event: 131.161 Thread 0x000001ad70b9fa20 flushing  nmethod 0x000001ad0242b510
Event: 131.161 Thread 0x000001ad70b9fa20 flushing  nmethod 0x000001ad02472f10
Event: 131.161 Thread 0x000001ad70b9fa20 flushing  nmethod 0x000001ad0252a790
Event: 131.162 Thread 0x000001ad70b9fa20 flushing  nmethod 0x000001ad02591d10
Event: 131.162 Thread 0x000001ad70b9fa20 flushing  nmethod 0x000001ad027c4f10
Event: 131.162 Thread 0x000001ad70b9fa20 flushing  nmethod 0x000001ad027d9910
Event: 131.163 Thread 0x000001ad70b9fa20 flushing  nmethod 0x000001ad02912290
Event: 131.164 Thread 0x000001ad70b9fa20 flushing  nmethod 0x000001ad02bf9690
Event: 131.165 Thread 0x000001ad70b9fa20 flushing  nmethod 0x000001ad02bf9a90
Event: 131.168 Thread 0x000001ad70b9fa20 flushing  nmethod 0x000001ad032eaf90
Event: 131.168 Thread 0x000001ad70b9fa20 flushing  nmethod 0x000001ad03495d90
Event: 131.169 Thread 0x000001ad70b9fa20 flushing  nmethod 0x000001ad03562990
Event: 131.169 Thread 0x000001ad70b9fa20 flushing  nmethod 0x000001ad036bf590

Events (20 events):
Event: 128.018 Thread 0x000001ad6b9b4ae0 Thread exited: 0x000001ad6b9b4ae0
Event: 130.979 Thread 0x000001ad5dcfdc10 Thread added: 0x000001ad5f4dab10
Event: 130.980 Thread 0x000001ad5f4dab10 Thread added: 0x000001ad5f4dc460
Event: 130.980 Thread 0x000001ad5f4dab10 Thread added: 0x000001ad5f4dd8a0
Event: 130.981 Thread 0x000001ad5f4dd8a0 Thread added: 0x000001ad5f4dfc10
Event: 130.981 Thread 0x000001ad5f4dc460 Thread added: 0x000001ad5f4de2c0
Event: 130.981 Thread 0x000001ad5f4dc460 Thread added: 0x000001ad5f4da600
Event: 130.981 Thread 0x000001ad5f4dd8a0 Thread added: 0x000001ad5f4dc970
Event: 131.007 Thread 0x000001ad5dcfdc10 Thread added: 0x000001ad5f4dce80
Event: 131.019 Thread 0x000001ad5f4dce80 Thread added: 0x000001ad5f4db020
Event: 131.020 Thread 0x000001ad5f4dce80 Thread added: 0x000001ad5f4db530
Event: 131.260 Thread 0x000001ad5dcfdc10 Thread added: 0x000001ad5f4dba40
Event: 131.260 Thread 0x000001ad5dcfdc10 Thread added: 0x000001ad5f4de7d0
Event: 131.275 Thread 0x000001ad5f4dba40 Thread added: 0x000001ad5f4dd390
Event: 131.276 Thread 0x000001ad5f4dba40 Thread added: 0x000001ad5f4dece0
Event: 131.276 Thread 0x000001ad5f4dba40 Thread added: 0x000001ad5f4d9be0
Event: 131.276 Thread 0x000001ad5f4dba40 Thread added: 0x000001ad5f4e0630
Event: 131.276 Thread 0x000001ad5f4dba40 Thread added: 0x000001ad5f4df1f0
Event: 131.276 Thread 0x000001ad5f4dba40 Thread added: 0x000001ad5f4df700
Event: 131.276 Thread 0x000001ad5f4dba40 Thread added: 0x000001ad5f4e0120


Dynamic libraries:
0x00007ff66a360000 - 0x00007ff66a36e000 	C:\Program Files\Microsoft\jdk-17.0.15.6-hotspot\bin\java.exe
0x00007ffac92b0000 - 0x00007ffac94c7000 	C:\WINDOWS\SYSTEM32\ntdll.dll
0x00007ffac8570000 - 0x00007ffac8634000 	C:\WINDOWS\System32\KERNEL32.DLL
0x00007ffac63b0000 - 0x00007ffac6780000 	C:\WINDOWS\System32\KERNELBASE.dll
0x00007ffac6780000 - 0x00007ffac6891000 	C:\WINDOWS\System32\ucrtbase.dll
0x00007ffabe1b0000 - 0x00007ffabe1c7000 	C:\Program Files\Microsoft\jdk-17.0.15.6-hotspot\bin\jli.dll
0x00007ffabe190000 - 0x00007ffabe1ad000 	C:\Program Files\Microsoft\jdk-17.0.15.6-hotspot\bin\VCRUNTIME140.dll
0x00007ffac77e0000 - 0x00007ffac7991000 	C:\WINDOWS\System32\USER32.dll
0x00007ffaaed90000 - 0x00007ffaaf02c000 	C:\WINDOWS\WinSxS\amd64_microsoft.windows.common-controls_6595b64144ccf1df_6.0.22621.5840_none_2710ea077384a4fe\COMCTL32.dll
0x00007ffac6e90000 - 0x00007ffac6eb6000 	C:\WINDOWS\System32\win32u.dll
0x00007ffac7730000 - 0x00007ffac77d7000 	C:\WINDOWS\System32\msvcrt.dll
0x00007ffac7590000 - 0x00007ffac75b9000 	C:\WINDOWS\System32\GDI32.dll
0x00007ffac6d30000 - 0x00007ffac6e53000 	C:\WINDOWS\System32\gdi32full.dll
0x00007ffac6c10000 - 0x00007ffac6caa000 	C:\WINDOWS\System32\msvcp_win.dll
0x00007ffac9230000 - 0x00007ffac9261000 	C:\WINDOWS\System32\IMM32.DLL
0x00007ffaa8dd0000 - 0x00007ffaa8ddc000 	C:\Program Files\Microsoft\jdk-17.0.15.6-hotspot\bin\vcruntime140_1.dll
0x00007ffaa8d40000 - 0x00007ffaa8dcd000 	C:\Program Files\Microsoft\jdk-17.0.15.6-hotspot\bin\msvcp140.dll
0x00007ffa05b10000 - 0x00007ffa06782000 	C:\Program Files\Microsoft\jdk-17.0.15.6-hotspot\bin\server\jvm.dll
0x00007ffac9170000 - 0x00007ffac9221000 	C:\WINDOWS\System32\ADVAPI32.dll
0x00007ffac7210000 - 0x00007ffac72b8000 	C:\WINDOWS\System32\sechost.dll
0x00007ffac6e60000 - 0x00007ffac6e88000 	C:\WINDOWS\System32\bcrypt.dll
0x00007ffac9050000 - 0x00007ffac9168000 	C:\WINDOWS\System32\RPCRT4.dll
0x00007ffac7030000 - 0x00007ffac70a1000 	C:\WINDOWS\System32\WS2_32.dll
0x00007ffac51e0000 - 0x00007ffac522d000 	C:\WINDOWS\SYSTEM32\POWRPROF.dll
0x00007ffac08c0000 - 0x00007ffac08f4000 	C:\WINDOWS\SYSTEM32\WINMM.dll
0x00007ffac02b0000 - 0x00007ffac02ba000 	C:\WINDOWS\SYSTEM32\VERSION.dll
0x00007ffac51c0000 - 0x00007ffac51d3000 	C:\WINDOWS\SYSTEM32\UMPDC.dll
0x00007ffac5480000 - 0x00007ffac5498000 	C:\WINDOWS\SYSTEM32\kernel.appcore.dll
0x00007ffaa8d30000 - 0x00007ffaa8d3a000 	C:\Program Files\Microsoft\jdk-17.0.15.6-hotspot\bin\jimage.dll
0x00007ffac3860000 - 0x00007ffac3a93000 	C:\WINDOWS\SYSTEM32\DBGHELP.DLL
0x00007ffac8ae0000 - 0x00007ffac8e71000 	C:\WINDOWS\System32\combase.dll
0x00007ffac7450000 - 0x00007ffac7528000 	C:\WINDOWS\System32\OLEAUT32.dll
0x00007ffab10c0000 - 0x00007ffab10f2000 	C:\WINDOWS\SYSTEM32\dbgcore.DLL
0x00007ffac6ec0000 - 0x00007ffac6f3b000 	C:\WINDOWS\System32\bcryptPrimitives.dll
0x00007ffabe2b0000 - 0x00007ffabe2be000 	C:\Program Files\Microsoft\jdk-17.0.15.6-hotspot\bin\instrument.dll
0x00007ffaa8d00000 - 0x00007ffaa8d25000 	C:\Program Files\Microsoft\jdk-17.0.15.6-hotspot\bin\java.dll
0x00007ffa92f90000 - 0x00007ffa93066000 	C:\Program Files\Microsoft\jdk-17.0.15.6-hotspot\bin\jsvml.dll
0x00007ffac7c20000 - 0x00007ffac84c1000 	C:\WINDOWS\System32\SHELL32.dll
0x00007ffac6960000 - 0x00007ffac6a9f000 	C:\WINDOWS\System32\wintypes.dll
0x00007ffac42a0000 - 0x00007ffac4bba000 	C:\WINDOWS\SYSTEM32\windows.storage.dll
0x00007ffac7100000 - 0x00007ffac720a000 	C:\WINDOWS\System32\SHCORE.dll
0x00007ffac6f40000 - 0x00007ffac6fa9000 	C:\WINDOWS\System32\shlwapi.dll
0x00007ffac62e0000 - 0x00007ffac6305000 	C:\WINDOWS\SYSTEM32\profapi.dll
0x00007ffaa8b00000 - 0x00007ffaa8b18000 	C:\Program Files\Microsoft\jdk-17.0.15.6-hotspot\bin\zip.dll
0x00007ffaa8ce0000 - 0x00007ffaa8cfa000 	C:\Program Files\Microsoft\jdk-17.0.15.6-hotspot\bin\net.dll
0x00007ffac1c70000 - 0x00007ffac1d9c000 	C:\WINDOWS\SYSTEM32\WINHTTP.dll
0x00007ffac5950000 - 0x00007ffac59b9000 	C:\WINDOWS\system32\mswsock.dll
0x00007ffaa8cc0000 - 0x00007ffaa8cd6000 	C:\Program Files\Microsoft\jdk-17.0.15.6-hotspot\bin\nio.dll
0x00007ffac31e0000 - 0x00007ffac31f0000 	C:\Program Files\Microsoft\jdk-17.0.15.6-hotspot\bin\verify.dll
0x00007ffaae770000 - 0x00007ffaae797000 	C:\Users\Dell\.gradle\native\c067742578af261105cb4f569cf0c3c89f3d7b1fecec35dd04571415982c5e48\windows-amd64\native-platform.dll
0x00007ffaa9990000 - 0x00007ffaa9ad4000 	C:\Users\Dell\.gradle\native\38dada09dfb8b06ba9b0570ebf7e218e3eb74d4ef43ca46872605cf95ebc2f47\windows-amd64\native-platform-file-events.dll
0x00007ffaa8af0000 - 0x00007ffaa8afa000 	C:\Program Files\Microsoft\jdk-17.0.15.6-hotspot\bin\management.dll
0x00007ffaa8570000 - 0x00007ffaa857b000 	C:\Program Files\Microsoft\jdk-17.0.15.6-hotspot\bin\management_ext.dll
0x00007ffac8560000 - 0x00007ffac8568000 	C:\WINDOWS\System32\PSAPI.DLL
0x00007ffac5bb0000 - 0x00007ffac5bcb000 	C:\WINDOWS\SYSTEM32\CRYPTSP.dll
0x00007ffac53e0000 - 0x00007ffac5417000 	C:\WINDOWS\system32\rsaenh.dll
0x00007ffac5a40000 - 0x00007ffac5a68000 	C:\WINDOWS\SYSTEM32\USERENV.dll
0x00007ffac5ba0000 - 0x00007ffac5bac000 	C:\WINDOWS\SYSTEM32\CRYPTBASE.dll
0x00007ffac4e90000 - 0x00007ffac4ebd000 	C:\WINDOWS\SYSTEM32\IPHLPAPI.DLL
0x00007ffac7720000 - 0x00007ffac7729000 	C:\WINDOWS\System32\NSI.dll
0x00007ffac1ba0000 - 0x00007ffac1bb9000 	C:\WINDOWS\SYSTEM32\dhcpcsvc6.DLL
0x00007ffac1b60000 - 0x00007ffac1b7f000 	C:\WINDOWS\SYSTEM32\dhcpcsvc.DLL
0x00007ffac4f00000 - 0x00007ffac4ff8000 	C:\WINDOWS\SYSTEM32\DNSAPI.dll
0x00007ffaa3290000 - 0x00007ffaa3299000 	C:\Program Files\Microsoft\jdk-17.0.15.6-hotspot\bin\extnet.dll
0x00007ffaa85a0000 - 0x00007ffaa85ae000 	C:\Program Files\Microsoft\jdk-17.0.15.6-hotspot\bin\sunmscapi.dll
0x00007ffac6aa0000 - 0x00007ffac6c08000 	C:\WINDOWS\System32\CRYPT32.dll
0x00007ffac5d60000 - 0x00007ffac5d8d000 	C:\WINDOWS\SYSTEM32\ncrypt.dll
0x00007ffac5d20000 - 0x00007ffac5d57000 	C:\WINDOWS\SYSTEM32\NTASN1.dll
0x00007ffa5d170000 - 0x00007ffa5d178000 	C:\WINDOWS\system32\wshunix.dll
0x00007ffac1b50000 - 0x00007ffac1b5a000 	C:\Windows\System32\rasadhlp.dll
0x00007ffac0610000 - 0x00007ffac0694000 	C:\WINDOWS\System32\fwpuclnt.dll
0x00007ffa9a4c0000 - 0x00007ffa9a4d7000 	C:\WINDOWS\system32\napinsp.dll
0x00007ffa9a4a0000 - 0x00007ffa9a4bb000 	C:\WINDOWS\system32\pnrpnsp.dll
0x00007ffa9a480000 - 0x00007ffa9a491000 	C:\WINDOWS\System32\winrnr.dll
0x00007ffac02c0000 - 0x00007ffac02d5000 	C:\WINDOWS\system32\wshbth.dll
0x00007ffa9a450000 - 0x00007ffa9a471000 	C:\WINDOWS\system32\nlansp_c.dll

dbghelp: loaded successfully - version: 4.0.5 - missing functions: none
symbol engine: initialized successfully - sym options: 0x614 - pdb path: .;C:\Program Files\Microsoft\jdk-17.0.15.6-hotspot\bin;C:\WINDOWS\SYSTEM32;C:\WINDOWS\WinSxS\amd64_microsoft.windows.common-controls_6595b64144ccf1df_6.0.22621.5840_none_2710ea077384a4fe;C:\Program Files\Microsoft\jdk-17.0.15.6-hotspot\bin\server;C:\Users\Dell\.gradle\native\c067742578af261105cb4f569cf0c3c89f3d7b1fecec35dd04571415982c5e48\windows-amd64;C:\Users\Dell\.gradle\native\38dada09dfb8b06ba9b0570ebf7e218e3eb74d4ef43ca46872605cf95ebc2f47\windows-amd64

VM Arguments:
jvm_args: -XX:+UseParallelGC --add-opens=java.base/java.util=ALL-UNNAMED --add-opens=java.base/java.lang=ALL-UNNAMED --add-opens=java.base/java.lang.invoke=ALL-UNNAMED --add-opens=java.prefs/java.util.prefs=ALL-UNNAMED --add-opens=java.base/java.nio.charset=ALL-UNNAMED --add-opens=java.base/java.net=ALL-UNNAMED --add-opens=java.base/java.util.concurrent.atomic=ALL-UNNAMED -Xmx4096m -Dfile.encoding=UTF-8 -Duser.country=IN -Duser.language=en -Duser.variant -javaagent:C:\Users\Dell\.gradle\wrapper\dists\gradle-8.7-all\aan3ydargesu18aqyqjwhr3pc\gradle-8.7\lib\agents\gradle-instrumentation-agent-8.7.jar 
java_command: org.gradle.launcher.daemon.bootstrap.GradleDaemon 8.7
java_class_path (initial): C:\Users\Dell\.gradle\wrapper\dists\gradle-8.7-all\aan3ydargesu18aqyqjwhr3pc\gradle-8.7\lib\gradle-launcher-8.7.jar
Launcher Type: SUN_STANDARD

[Global flags]
     intx CICompilerCount                          = 4                                         {product} {ergonomic}
   size_t InitialHeapSize                          = 130023424                                 {product} {ergonomic}
   size_t MaxHeapSize                              = 4294967296                                {product} {command line}
   size_t MaxNewSize                               = 1431306240                                {product} {ergonomic}
   size_t MinHeapDeltaBytes                        = 524288                                    {product} {ergonomic}
   size_t MinHeapSize                              = 8388608                                   {product} {ergonomic}
   size_t NewSize                                  = 42991616                                  {product} {ergonomic}
    uintx NonNMethodCodeHeapSize                   = 5839372                                {pd product} {ergonomic}
    uintx NonProfiledCodeHeapSize                  = 122909434                              {pd product} {ergonomic}
   size_t OldSize                                  = 87031808                                  {product} {ergonomic}
    uintx ProfiledCodeHeapSize                     = 122909434                              {pd product} {ergonomic}
    uintx ReservedCodeCacheSize                    = 251658240                              {pd product} {ergonomic}
     bool SegmentedCodeCache                       = true                                      {product} {ergonomic}
   size_t SoftMaxHeapSize                          = 4294967296                             {manageable} {ergonomic}
     bool UseCompressedClassPointers               = true                           {product lp64_product} {ergonomic}
     bool UseCompressedOops                        = true                           {product lp64_product} {ergonomic}
     bool UseLargePagesIndividualAllocation        = false                                  {pd product} {ergonomic}
     bool UseParallelGC                            = true                                      {product} {command line}

Logging:
Log output configuration:
 #0: stdout all=warning uptime,level,tags
 #1: stderr all=off uptime,level,tags

Environment Variables:
JAVA_HOME=C:\Program Files\Microsoft\jdk-17.0.15.6-hotspot
CLASSPATH=D:\Users\Dell\ReactNative\myApp\android\\gradle\wrapper\gradle-wrapper.jar
PATH=C:\Program Files\Microsoft\jdk-17.0.15.6-hotspot\bin;C:\Program Files (x86)\Common Files\Oracle\Java\javapath;C:\Windows\system32;C:\Windows;C:\Windows\System32\Wbem;C:\Windows\System32\WindowsPowerShell\v1.0\;C:\Windows\System32\OpenSSH\;C:\Program Files\NVIDIA Corporation\NVIDIA NvDLISR;C:\Program Files\dotnet\;C:\MinGW\bin;C:\WINDOWS\system32;C:\WINDOWS;C:\WINDOWS\System32\Wbem;C:\WINDOWS\System32\WindowsPowerShell\v1.0\;C:\WINDOWS\System32\OpenSSH\;C:\Program Files\MongoDB\Server\7.0\bin;C:\Program Files\Git\cmd;C:\Program Files\Git\bin\;C:\Program Files\Git\cmd\;C:\Users\Dell\AppData\Local\nvm;C:\nvm4w\nodejs;C:\ProgramData\chocolatey\bin;C:\Program Files\nodejs\;D:\Android\Sdk\platforms;D:\Android\Sdk;D:\Android\Sdk\platform-tools;D:\Android\Sdk\build-tools\35.0.0;D:\Android\Sdk\emulator;C:\Program Files\Microsoft\jdk-17.0.15.6-hotspot;C:\Program Files\MySQL\MySQL Shell 8.0\bin\;C:\Users\Dell\AppData\Local\Microsoft\WindowsApps;C:\Users\Dell\AppData\Local\Programs\Microsoft VS Code\bin;C:\Program Files\mongos;D:\ANDROID\Sdk\cmdline-tools\latest\bin;D:\Android\Sdk\build-tools\36.0.0;D:\Android\Sdk\build-tools\30.0.3;C:\Program Files\MySQL\MySQL Shell 8.0\bin\;C:\Users\Dell\AppData\Local\Microsoft\WindowsApps;C:\Users\Dell\AppData\Local\Programs\Microsoft VS Code\bin;C:\Program Files\mongosh\;C:\Users\Dell\AppData\Local\nvm;C:\nvm4w\nodejs;C:\Users\Dell\AppData\Roaming\npm;D:\Android\Sdk\platform-tools;D:\Android\Sdk;D:\Android\Sdk\emulator;D:\Android\Sdk\build-tools;D:\Android\Sdk\platforms;C:\Program Files\Microsoft\jdk-17.0.15.6-hotspot\bin;C:\Program Files\Microsoft\jdk-17.0.15.6-hotspot;C:\Users\Dell\AppData\Local\Yarn\bin;
USERNAME=Dell
LANG=en_US.UTF-8
OS=Windows_NT
PROCESSOR_IDENTIFIER=Intel64 Family 6 Model 140 Stepping 1, GenuineIntel
TMP=C:\Users\Dell\AppData\Local\Temp
TEMP=C:\Users\Dell\AppData\Local\Temp



Periodic native trim disabled


---------------  S Y S T E M  ---------------

OS:
 Windows 11 , 64 bit Build 22621 (10.0.22621.5415)
OS uptime: 1 days 2:16 hours

CPU: total 8 (initial active 8) (4 cores per cpu, 2 threads per core) family 6 model 140 stepping 1 microcode 0xbc, cx8, cmov, fxsr, ht, mmx, 3dnowpref, sse, sse2, sse3, ssse3, sse4.1, sse4.2, popcnt, lzcnt, tsc, tscinvbit, avx, avx2, aes, erms, clmul, bmi1, bmi2, adx, avx512f, avx512dq, avx512cd, avx512bw, avx512vl, sha, fma, vzeroupper, avx512_vpopcntdq, avx512_vpclmulqdq, avx512_vaes, avx512_vnni, clflush, clflushopt, clwb, avx512_vbmi2, avx512_vbmi
Processor Information for the first 8 processors :
  Max Mhz: 2419, Current Mhz: 2419, Mhz Limit: 2419

Memory: 4k page, system-wide physical 7926M (335M free)
TotalPageFile size 24364M (AvailPageFile size 5M)
current process WorkingSet (physical memory assigned to process): 895M, peak: 1034M
current process commit charge ("private bytes"): 1532M, peak: 1622M

vm_info: OpenJDK 64-Bit Server VM (17.0.15+6-LTS) for windows-amd64 JRE (17.0.15+6-LTS), built on Apr  9 2025 22:27:25 by "MicrosoftCorporation" with unknown MS VC++:1939

END.
